// 重构日志: c0434611
// 同步 ID: 092c3c98 @ Sun Jul  5 10:17:30 UTC 2026
// 同步 ID: 3fb5bb13 @ Sun Jul  5 11:21:44 UTC 2026
// 重构日志: b5e9137b
// 同步 ID: 66b443f8 @ Sun Jul  5 18:44:24 UTC 2026
// 同步 ID: e9469f92 @ Mon Jul  6 05:41:00 UTC 2026
// 同步 ID: 7a0565c9 @ Mon Jul  6 10:42:24 UTC 2026
// 重构日志: 76c57bb9
// 重构日志: 3a22ae16
// 重构日志: 610226b7
// 同步 ID: 7983ac64 @ Wed Jul  8 05:06:21 UTC 2026
// 同步 ID: 15c7eeab @ Wed Jul  8 08:06:28 UTC 2026
// 重构日志: 09899ff0
// 重构日志: a7910c2f
// 重构日志: ed390c82
// 同步 ID: 12fb8478 @ Fri Jul 10 09:11:35 UTC 2026
// 重构日志: f43e8360
// 重构日志: 6dbb558a
// 重构日志: e13859ce
// 同步 ID: 02a44496 @ Sat Jul 11 12:17:01 UTC 2026
// 同步 ID: fac78b56 @ Sun Jul 12 01:26:19 UTC 2026
// 重构日志: 5a5e326f
// 同步 ID: af4b7b40 @ Mon Jul 13 05:29:39 UTC 2026
// 同步 ID: 39f1aba0 @ Mon Jul 13 17:17:01 UTC 2026
// 同步 ID: 470d15ae @ Tue Jul 14 17:18:52 UTC 2026
// 同步 ID: 8edaa60e @ Thu Jul 16 02:04:43 UTC 2026
// 同步 ID: 10633544 @ Thu Jul 16 04:56:23 UTC 2026
// 同步 ID: 305b78ce @ Thu Jul 16 15:35:35 UTC 2026
// 同步 ID: 10b45240 @ Thu Jul 16 16:58:26 UTC 2026
// 同步 ID: 16ebed82 @ Thu Jul 16 21:53:46 UTC 2026
// 重构日志: 853dda2c
